<?xml version="1.0" encoding="UTF-8"?>
<!-- Generated by org.testng.reporters.JUnitXMLReporter -->
<testsuite ignored="1" hostname="Ashutosh" failures="0" tests="1" name="Default test" time="5.693" errors="0" timestamp="2026-05-29T09:07:22 IST">
  <testcase classname="Login2" name="loginWithInvalidCredentials" time="5.582"/>
  <testcase classname="Login2" name="verifyLoginWithValidCredentials" time="0.0">
    <ignored/>
  </testcase> <!-- verifyLoginWithValidCredentials -->
</testsuite> <!-- Default test -->
