<?xml version="1.0" encoding="UTF-8"?>
<testng-results ignored="0" total="1" passed="1" failed="0" skipped="0">
  <reporter-output>
  </reporter-output>
  <suite started-at="2026-05-27T14:41:17 IST" name="Default suite" finished-at="2026-05-27T14:41:23 IST" duration-ms="5617">
    <groups>
    </groups>
    <test started-at="2026-05-27T14:41:17 IST" name="Default test" finished-at="2026-05-27T14:41:23 IST" duration-ms="5617">
      <class name="Login1">
        <test-method signature="verifyLoginWithValidCredentials()[pri:0, instance:Login1@4d5d943d]" started-at="2026-05-27T14:41:17 IST" name="verifyLoginWithValidCredentials" finished-at="2026-05-27T14:41:22 IST" duration-ms="5480" status="PASS">
          <reporter-output>
          </reporter-output>
        </test-method> <!-- verifyLoginWithValidCredentials -->
      </class> <!-- Login1 -->
    </test> <!-- Default test -->
  </suite> <!-- Default suite -->
</testng-results>
