<?xml version="1.0" encoding="UTF-8"?>
<testng-results ignored="1" total="2" passed="1" failed="0" skipped="0">
  <reporter-output>
  </reporter-output>
  <suite started-at="2026-05-29T09:07:17 IST" name="Default suite" finished-at="2026-05-29T09:07:22 IST" duration-ms="5693">
    <groups>
    </groups>
    <test started-at="2026-05-29T09:07:17 IST" name="Default test" finished-at="2026-05-29T09:07:22 IST" duration-ms="5693">
      <class name="Login2">
        <test-method signature="loginWithInvalidCredentials()[pri:0, instance:Login2@a1153bc]" started-at="2026-05-29T09:07:17 IST" name="loginWithInvalidCredentials" finished-at="2026-05-29T09:07:22 IST" duration-ms="5582" status="PASS">
          <reporter-output>
          </reporter-output>
        </test-method> <!-- loginWithInvalidCredentials -->
      </class> <!-- Login2 -->
    </test> <!-- Default test -->
  </suite> <!-- Default suite -->
</testng-results>
